[2024-11-17T21:17:34.969+0000] {taskinstance.py:1159} INFO - Dependencies all met for dep_context=non-requeueable deps ti=<TaskInstance: etl_pipeline.load_task scheduled__2024-11-17T14:01:18.955277+00:00 [queued]>
[2024-11-17T21:17:34.981+0000] {taskinstance.py:1159} INFO - Dependencies all met for dep_context=requeueable deps ti=<TaskInstance: etl_pipeline.load_task scheduled__2024-11-17T14:01:18.955277+00:00 [queued]>
[2024-11-17T21:17:34.982+0000] {taskinstance.py:1361} INFO - Starting attempt 1 of 2
[2024-11-17T21:17:35.001+0000] {taskinstance.py:1382} INFO - Executing <Task(PythonOperator): load_task> on 2024-11-17 14:01:18.955277+00:00
[2024-11-17T21:17:35.010+0000] {standard_task_runner.py:57} INFO - Started process 1378 to run task
[2024-11-17T21:17:35.015+0000] {standard_task_runner.py:84} INFO - Running: ['***', 'tasks', 'run', 'etl_pipeline', 'load_task', 'scheduled__2024-11-17T14:01:18.955277+00:00', '--job-id', '36', '--raw', '--subdir', 'DAGS_FOLDER/etl_pipeline_dag.py', '--cfg-path', '/tmp/tmp02hzii5_']
[2024-11-17T21:17:35.016+0000] {standard_task_runner.py:85} INFO - Job 36: Subtask load_task
[2024-11-17T21:17:35.073+0000] {task_command.py:416} INFO - Running <TaskInstance: etl_pipeline.load_task scheduled__2024-11-17T14:01:18.955277+00:00 [running]> on host af0ba0303f5b
[2024-11-17T21:17:35.176+0000] {taskinstance.py:1662} INFO - Exporting env vars: AIRFLOW_CTX_DAG_OWNER='***' AIRFLOW_CTX_DAG_ID='etl_pipeline' AIRFLOW_CTX_TASK_ID='load_task' AIRFLOW_CTX_EXECUTION_DATE='2024-11-17T14:01:18.955277+00:00' AIRFLOW_CTX_TRY_NUMBER='1' AIRFLOW_CTX_DAG_RUN_ID='scheduled__2024-11-17T14:01:18.955277+00:00'
[2024-11-17T21:17:35.200+0000] {etl_pipeline_dag.py:76} INFO - Starting to load data !!
[2024-11-17T21:17:35.201+0000] {load_data.py:13} INFO - Loading data into table Countries_by_GDP
[2024-11-17T21:17:35.234+0000] {load_data.py:5} INFO - Running Query: SELECT * FROM Countries_by_GDP WHERE GDP_USD_billions >= 100
[2024-11-17T21:17:35.248+0000] {load_data.py:7} INFO - Query Result:
          Country  GDP_USD_billions
0   United States          26854.60
1           China          19373.59
2           Japan           4409.74
3         Germany           4308.85
4           India           3736.88
..            ...               ...
64          Kenya            118.13
65         Angola            117.88
66           Oman            104.90
67      Guatemala            102.31
68       Bulgaria            100.64

[69 rows x 2 columns]
[2024-11-17T21:17:35.249+0000] {python.py:194} INFO - Done. Returned value was: None
[2024-11-17T21:17:35.260+0000] {taskinstance.py:1400} INFO - Marking task as SUCCESS. dag_id=etl_pipeline, task_id=load_task, execution_date=20241117T140118, start_date=20241117T211734, end_date=20241117T211735
[2024-11-17T21:17:35.307+0000] {local_task_job_runner.py:228} INFO - Task exited with return code 0
[2024-11-17T21:17:35.327+0000] {taskinstance.py:2778} INFO - 0 downstream tasks scheduled from follow-on schedule check
