[2024-11-18T14:47:41.967+0000] {taskinstance.py:1159} INFO - Dependencies all met for dep_context=non-requeueable deps ti=<TaskInstance: etl_pipeline.load_task scheduled__2024-11-17T11:48:15.650929+00:00 [queued]>
[2024-11-18T14:47:42.035+0000] {taskinstance.py:1159} INFO - Dependencies all met for dep_context=requeueable deps ti=<TaskInstance: etl_pipeline.load_task scheduled__2024-11-17T11:48:15.650929+00:00 [queued]>
[2024-11-18T14:47:42.043+0000] {taskinstance.py:1361} INFO - Starting attempt 1 of 2
[2024-11-18T14:47:42.097+0000] {taskinstance.py:1382} INFO - Executing <Task(PythonOperator): load_task> on 2024-11-17 11:48:15.650929+00:00
[2024-11-18T14:47:42.180+0000] {standard_task_runner.py:57} INFO - Started process 1406 to run task
[2024-11-18T14:47:42.185+0000] {standard_task_runner.py:84} INFO - Running: ['***', 'tasks', 'run', 'etl_pipeline', 'load_task', 'scheduled__2024-11-17T11:48:15.650929+00:00', '--job-id', '42', '--raw', '--subdir', 'DAGS_FOLDER/etl_pipeline_dag.py', '--cfg-path', '/tmp/tmpp96u7p8h']
[2024-11-18T14:47:42.349+0000] {standard_task_runner.py:85} INFO - Job 42: Subtask load_task
[2024-11-18T14:47:42.457+0000] {task_command.py:416} INFO - Running <TaskInstance: etl_pipeline.load_task scheduled__2024-11-17T11:48:15.650929+00:00 [running]> on host af0ba0303f5b
[2024-11-18T14:47:42.613+0000] {taskinstance.py:1662} INFO - Exporting env vars: AIRFLOW_CTX_DAG_OWNER='***' AIRFLOW_CTX_DAG_ID='etl_pipeline' AIRFLOW_CTX_TASK_ID='load_task' AIRFLOW_CTX_EXECUTION_DATE='2024-11-17T11:48:15.650929+00:00' AIRFLOW_CTX_TRY_NUMBER='1' AIRFLOW_CTX_DAG_RUN_ID='scheduled__2024-11-17T11:48:15.650929+00:00'
[2024-11-18T14:47:42.650+0000] {etl_pipeline_dag.py:76} INFO - Starting to load data !!
[2024-11-18T14:47:42.667+0000] {load_data.py:13} INFO - Loading data into table Countries_by_GDP
[2024-11-18T14:47:42.742+0000] {load_data.py:5} INFO - Running Query: SELECT * FROM Countries_by_GDP WHERE GDP_USD_billions >= 100
[2024-11-18T14:47:42.770+0000] {load_data.py:7} INFO - Query Result:
          Country  GDP_USD_billions
0   United States          26854.60
1           China          19373.59
2           Japan           4409.74
3         Germany           4308.85
4           India           3736.88
..            ...               ...
64          Kenya            118.13
65         Angola            117.88
66           Oman            104.90
67      Guatemala            102.31
68       Bulgaria            100.64

[69 rows x 2 columns]
[2024-11-18T14:47:42.772+0000] {python.py:194} INFO - Done. Returned value was: None
[2024-11-18T14:47:42.797+0000] {taskinstance.py:1400} INFO - Marking task as SUCCESS. dag_id=etl_pipeline, task_id=load_task, execution_date=20241117T114815, start_date=20241118T144742, end_date=20241118T144742
[2024-11-18T14:47:42.938+0000] {local_task_job_runner.py:228} INFO - Task exited with return code 0
[2024-11-18T14:47:42.979+0000] {taskinstance.py:2778} INFO - 0 downstream tasks scheduled from follow-on schedule check
